<?xml version="1.0" encoding="UTF-8"?>
<coverage generated="1663627755543" clover="3.2.0">
  <project timestamp="1663627755543" name="All files">
    <metrics statements="185" coveredstatements="96" conditionals="56" coveredconditionals="33" methods="54" coveredmethods="27" elements="295" coveredelements="156" complexity="0" loc="185" ncloc="185" packages="1" files="6" classes="6"/>
    <file name="board.js" path="/mnt/c/Users/Rex/Documents/Coding/the_odin_project/battleship/src/board.js">
      <metrics statements="86" coveredstatements="67" conditionals="42" coveredconditionals="29" methods="20" coveredmethods="13"/>
      <line num="10" count="18" type="stmt"/>
      <line num="11" count="18" type="stmt"/>
      <line num="12" count="18" type="stmt"/>
      <line num="15" count="850" type="cond" truecount="2" falsecount="0"/>
      <line num="19" count="16" type="stmt"/>
      <line num="21" count="834" type="stmt"/>
      <line num="26" count="55" type="cond" truecount="2" falsecount="0"/>
      <line num="27" count="16" type="stmt"/>
      <line num="31" count="39" type="cond" truecount="2" falsecount="0"/>
      <line num="32" count="8" type="stmt"/>
      <line num="35" count="31" type="stmt"/>
      <line num="39" count="55" type="stmt"/>
      <line num="40" count="172" type="cond" truecount="2" falsecount="0"/>
      <line num="48" count="16" type="stmt"/>
      <line num="51" count="39" type="stmt"/>
      <line num="59" count="41" type="stmt"/>
      <line num="60" count="297" type="stmt"/>
      <line num="61" count="813" type="cond" truecount="2" falsecount="0"/>
      <line num="67" count="9" type="stmt"/>
      <line num="71" count="32" type="stmt"/>
      <line num="75" count="54" type="stmt"/>
      <line num="76" count="54" type="stmt"/>
      <line num="77" count="54" type="stmt"/>
      <line num="78" count="54" type="cond" truecount="2" falsecount="0"/>
      <line num="79" count="25" type="stmt"/>
      <line num="80" count="88" type="stmt"/>
      <line num="82" count="29" type="cond" truecount="1" falsecount="1"/>
      <line num="83" count="29" type="stmt"/>
      <line num="84" count="94" type="stmt"/>
      <line num="87" count="54" type="stmt"/>
      <line num="92" count="0" type="stmt"/>
      <line num="93" count="0" type="stmt"/>
      <line num="95" count="0" type="cond" truecount="0" falsecount="4"/>
      <line num="96" count="0" type="stmt"/>
      <line num="97" count="0" type="cond" truecount="0" falsecount="4"/>
      <line num="98" count="0" type="stmt"/>
      <line num="100" count="0" type="stmt"/>
      <line num="106" count="0" type="stmt"/>
      <line num="107" count="0" type="stmt"/>
      <line num="108" count="0" type="stmt"/>
      <line num="109" count="0" type="stmt"/>
      <line num="110" count="0" type="stmt"/>
      <line num="111" count="0" type="cond" truecount="0" falsecount="2"/>
      <line num="116" count="0" type="stmt"/>
      <line num="117" count="0" type="stmt"/>
      <line num="119" count="0" type="stmt"/>
      <line num="129" count="38" type="stmt"/>
      <line num="130" count="38" type="stmt"/>
      <line num="131" count="38" type="stmt"/>
      <line num="132" count="123" type="stmt"/>
      <line num="137" count="52" type="stmt"/>
      <line num="138" count="52" type="cond" truecount="1" falsecount="1"/>
      <line num="139" count="52" type="stmt"/>
      <line num="141" count="0" type="stmt"/>
      <line num="143" count="52" type="stmt"/>
      <line num="147" count="52" type="stmt"/>
      <line num="148" count="52" type="cond" truecount="1" falsecount="1"/>
      <line num="149" count="52" type="stmt"/>
      <line num="151" count="0" type="stmt"/>
      <line num="154" count="0" type="stmt"/>
      <line num="156" count="52" type="stmt"/>
      <line num="160" count="52" type="stmt"/>
      <line num="161" count="52" type="stmt"/>
      <line num="162" count="52" type="stmt"/>
      <line num="163" count="52" type="cond" truecount="2" falsecount="0"/>
      <line num="164" count="22" type="stmt"/>
      <line num="166" count="52" type="stmt"/>
      <line num="170" count="6" type="stmt"/>
      <line num="171" count="6" type="stmt"/>
      <line num="172" count="6" type="stmt"/>
      <line num="173" count="30" type="stmt"/>
      <line num="174" count="30" type="stmt"/>
      <line num="175" count="30" type="stmt"/>
      <line num="180" count="7" type="stmt"/>
      <line num="181" count="7" type="stmt"/>
      <line num="182" count="14" type="stmt"/>
      <line num="183" count="35" type="cond" truecount="2" falsecount="0"/>
      <line num="184" count="6" type="stmt"/>
      <line num="185" count="6" type="stmt"/>
      <line num="189" count="7" type="cond" truecount="2" falsecount="0"/>
      <line num="190" count="1" type="stmt"/>
      <line num="195" count="5" type="stmt"/>
      <line num="196" count="6" type="cond" truecount="2" falsecount="0"/>
      <line num="197" count="4" type="stmt"/>
      <line num="200" count="1" type="stmt"/>
      <line num="203" count="18" type="stmt"/>
    </file>
    <file name="cellSelection.js" path="/mnt/c/Users/Rex/Documents/Coding/the_odin_project/battleship/src/cellSelection.js">
      <metrics statements="14" coveredstatements="11" conditionals="0" coveredconditionals="0" methods="8" coveredmethods="6"/>
      <line num="1" count="4" type="stmt"/>
      <line num="4" count="53" type="stmt"/>
      <line num="5" count="53" type="stmt"/>
      <line num="6" count="53" type="stmt"/>
      <line num="7" count="53" type="stmt"/>
      <line num="8" count="53" type="stmt"/>
      <line num="14" count="53" type="stmt"/>
      <line num="15" count="53" type="stmt"/>
      <line num="16" count="53" type="stmt"/>
      <line num="17" count="53" type="stmt"/>
      <line num="18" count="53" type="stmt"/>
      <line num="24" count="0" type="stmt"/>
      <line num="25" count="0" type="stmt"/>
      <line num="26" count="0" type="stmt"/>
    </file>
    <file name="displayController.js" path="/mnt/c/Users/Rex/Documents/Coding/the_odin_project/battleship/src/displayController.js">
      <metrics statements="29" coveredstatements="1" conditionals="2" coveredconditionals="0" methods="6" coveredmethods="0"/>
      <line num="2" count="0" type="stmt"/>
      <line num="3" count="0" type="stmt"/>
      <line num="7" count="0" type="stmt"/>
      <line num="8" count="0" type="stmt"/>
      <line num="11" count="3" type="stmt"/>
      <line num="12" count="0" type="stmt"/>
      <line num="13" count="0" type="stmt"/>
      <line num="14" count="0" type="stmt"/>
      <line num="19" count="0" type="stmt"/>
      <line num="20" count="0" type="stmt"/>
      <line num="21" count="0" type="stmt"/>
      <line num="22" count="0" type="stmt"/>
      <line num="27" count="0" type="stmt"/>
      <line num="28" count="0" type="stmt"/>
      <line num="29" count="0" type="stmt"/>
      <line num="30" count="0" type="stmt"/>
      <line num="34" count="0" type="stmt"/>
      <line num="35" count="0" type="stmt"/>
      <line num="36" count="0" type="stmt"/>
      <line num="37" count="0" type="cond" truecount="0" falsecount="2"/>
      <line num="38" count="0" type="stmt"/>
      <line num="39" count="0" type="stmt"/>
      <line num="40" count="0" type="stmt"/>
      <line num="47" count="0" type="stmt"/>
      <line num="48" count="0" type="stmt"/>
      <line num="52" count="0" type="stmt"/>
      <line num="53" count="0" type="stmt"/>
      <line num="54" count="0" type="stmt"/>
      <line num="55" count="0" type="stmt"/>
    </file>
    <file name="game.js" path="/mnt/c/Users/Rex/Documents/Coding/the_odin_project/battleship/src/game.js">
      <metrics statements="24" coveredstatements="4" conditionals="4" coveredconditionals="2" methods="7" coveredmethods="3"/>
      <line num="5" count="2" type="stmt"/>
      <line num="6" count="2" type="stmt"/>
      <line num="10" count="0" type="stmt"/>
      <line num="11" count="0" type="stmt"/>
      <line num="12" count="0" type="stmt"/>
      <line num="13" count="0" type="stmt"/>
      <line num="14" count="0" type="stmt"/>
      <line num="15" count="0" type="stmt"/>
      <line num="16" count="0" type="stmt"/>
      <line num="17" count="0" type="stmt"/>
      <line num="21" count="2" type="cond" truecount="2" falsecount="0"/>
      <line num="26" count="0" type="stmt"/>
      <line num="27" count="0" type="stmt"/>
      <line num="29" count="0" type="stmt"/>
      <line num="31" count="0" type="stmt"/>
      <line num="35" count="0" type="stmt"/>
      <line num="38" count="0" type="stmt"/>
      <line num="41" count="0" type="stmt"/>
      <line num="42" count="0" type="stmt"/>
      <line num="44" count="0" type="cond" truecount="0" falsecount="2"/>
      <line num="45" count="0" type="stmt"/>
      <line num="47" count="0" type="stmt"/>
      <line num="52" count="0" type="stmt"/>
      <line num="55" count="2" type="stmt"/>
    </file>
    <file name="player.js" path="/mnt/c/Users/Rex/Documents/Coding/the_odin_project/battleship/src/player.js">
      <metrics statements="25" coveredstatements="6" conditionals="6" coveredconditionals="0" methods="10" coveredmethods="2"/>
      <line num="6" count="5" type="stmt"/>
      <line num="7" count="5" type="stmt"/>
      <line num="8" count="5" type="stmt"/>
      <line num="9" count="5" type="stmt"/>
      <line num="12" count="0" type="stmt"/>
      <line num="16" count="0" type="stmt"/>
      <line num="20" count="5" type="stmt"/>
      <line num="24" count="0" type="stmt"/>
      <line num="25" count="0" type="stmt"/>
      <line num="26" count="0" type="stmt"/>
      <line num="27" count="0" type="stmt"/>
      <line num="28" count="0" type="stmt"/>
      <line num="29" count="0" type="cond" truecount="0" falsecount="2"/>
      <line num="30" count="0" type="stmt"/>
      <line num="34" count="0" type="stmt"/>
      <line num="35" count="0" type="stmt"/>
      <line num="43" count="0" type="stmt"/>
      <line num="44" count="0" type="cond" truecount="0" falsecount="2"/>
      <line num="45" count="0" type="stmt"/>
      <line num="47" count="0" type="stmt"/>
      <line num="52" count="0" type="cond" truecount="0" falsecount="2"/>
      <line num="53" count="0" type="stmt"/>
      <line num="55" count="0" type="stmt"/>
      <line num="57" count="0" type="stmt"/>
      <line num="60" count="5" type="stmt"/>
    </file>
    <file name="ship.js" path="/mnt/c/Users/Rex/Documents/Coding/the_odin_project/battleship/src/ship.js">
      <metrics statements="7" coveredstatements="7" conditionals="2" coveredconditionals="2" methods="3" coveredmethods="3"/>
      <line num="2" count="42" type="stmt"/>
      <line num="5" count="10" type="stmt"/>
      <line num="9" count="7" type="stmt"/>
      <line num="10" count="12" type="cond" truecount="2" falsecount="0"/>
      <line num="11" count="4" type="stmt"/>
      <line num="14" count="3" type="stmt"/>
      <line num="17" count="42" type="stmt"/>
    </file>
  </project>
</coverage>
