{"/mnt/c/Users/Rex/Documents/Coding/the_odin_project/battleship/src/board.js": {"path":"/mnt/c/Users/Rex/Documents/Coding/the_odin_project/battleship/src/board.js","statementMap":{"0":{"start":{"line":10,"column":22},"end":{"line":10,"column":24}},"1":{"start":{"line":11,"column":18},"end":{"line":11,"column":20}},"2":{"start":{"line":12,"column":22},"end":{"line":12,"column":24}},"3":{"start":{"line":15,"column":4},"end":{"line":20,"column":5}},"4":{"start":{"line":19,"column":6},"end":{"line":19,"column":18}},"5":{"start":{"line":21,"column":4},"end":{"line":21,"column":17}},"6":{"start":{"line":26,"column":4},"end":{"line":37,"column":5}},"7":{"start":{"line":26,"column":17},"end":{"line":26,"column":18}},"8":{"start":{"line":27,"column":6},"end":{"line":36,"column":7}},"9":{"start":{"line":35,"column":8},"end":{"line":35,"column":21}},"10":{"start":{"line":40,"column":4},"end":{"line":46,"column":5}},"11":{"start":{"line":40,"column":17},"end":{"line":40,"column":18}},"12":{"start":{"line":41,"column":6},"end":{"line":45,"column":7}},"13":{"start":{"line":41,"column":19},"end":{"line":41,"column":20}},"14":{"start":{"line":42,"column":8},"end":{"line":44,"column":9}},"15":{"start":{"line":43,"column":10},"end":{"line":43,"column":23}},"16":{"start":{"line":48,"column":4},"end":{"line":48,"column":16}},"17":{"start":{"line":52,"column":12},"end":{"line":52,"column":27}},"18":{"start":{"line":53,"column":12},"end":{"line":53,"column":27}},"19":{"start":{"line":54,"column":24},"end":{"line":54,"column":26}},"20":{"start":{"line":55,"column":4},"end":{"line":63,"column":5}},"21":{"start":{"line":56,"column":6},"end":{"line":58,"column":7}},"22":{"start":{"line":56,"column":19},"end":{"line":56,"column":20}},"23":{"start":{"line":57,"column":8},"end":{"line":57,"column":35}},"24":{"start":{"line":59,"column":11},"end":{"line":63,"column":5}},"25":{"start":{"line":60,"column":6},"end":{"line":62,"column":7}},"26":{"start":{"line":60,"column":19},"end":{"line":60,"column":20}},"27":{"start":{"line":61,"column":8},"end":{"line":61,"column":35}},"28":{"start":{"line":64,"column":4},"end":{"line":64,"column":25}},"29":{"start":{"line":69,"column":4},"end":{"line":79,"column":7}},"30":{"start":{"line":70,"column":6},"end":{"line":78,"column":9}},"31":{"start":{"line":72,"column":8},"end":{"line":76,"column":9}},"32":{"start":{"line":73,"column":10},"end":{"line":73,"column":26}},"33":{"start":{"line":74,"column":15},"end":{"line":76,"column":9}},"34":{"start":{"line":75,"column":10},"end":{"line":75,"column":26}},"35":{"start":{"line":77,"column":8},"end":{"line":77,"column":27}},"36":{"start":{"line":83,"column":4},"end":{"line":102,"column":7}},"37":{"start":{"line":84,"column":18},"end":{"line":84,"column":52}},"38":{"start":{"line":85,"column":6},"end":{"line":101,"column":9}},"39":{"start":{"line":86,"column":8},"end":{"line":100,"column":11}},"40":{"start":{"line":87,"column":33},"end":{"line":87,"column":71}},"41":{"start":{"line":88,"column":10},"end":{"line":99,"column":11}},"42":{"start":{"line":93,"column":12},"end":{"line":93,"column":49}},"43":{"start":{"line":94,"column":12},"end":{"line":94,"column":38}},"44":{"start":{"line":96,"column":12},"end":{"line":98,"column":14}},"45":{"start":{"line":106,"column":18},"end":{"line":106,"column":44}},"46":{"start":{"line":107,"column":4},"end":{"line":107,"column":28}},"47":{"start":{"line":111,"column":20},"end":{"line":111,"column":26}},"48":{"start":{"line":112,"column":4},"end":{"line":116,"column":5}},"49":{"start":{"line":113,"column":6},"end":{"line":113,"column":40}},"50":{"start":{"line":115,"column":6},"end":{"line":115,"column":65}},"51":{"start":{"line":117,"column":4},"end":{"line":117,"column":21}},"52":{"start":{"line":121,"column":20},"end":{"line":121,"column":22}},"53":{"start":{"line":122,"column":4},"end":{"line":129,"column":5}},"54":{"start":{"line":123,"column":6},"end":{"line":123,"column":45}},"55":{"start":{"line":125,"column":6},"end":{"line":127,"column":8}},"56":{"start":{"line":128,"column":6},"end":{"line":128,"column":48}},"57":{"start":{"line":130,"column":4},"end":{"line":130,"column":21}},"58":{"start":{"line":134,"column":20},"end":{"line":134,"column":50}},"59":{"start":{"line":135,"column":20},"end":{"line":135,"column":50}},"60":{"start":{"line":136,"column":24},"end":{"line":136,"column":72}},"61":{"start":{"line":137,"column":4},"end":{"line":139,"column":5}},"62":{"start":{"line":138,"column":6},"end":{"line":138,"column":65}},"63":{"start":{"line":140,"column":4},"end":{"line":140,"column":25}},"64":{"start":{"line":144,"column":30},"end":{"line":144,"column":45}},"65":{"start":{"line":145,"column":4},"end":{"line":149,"column":5}},"66":{"start":{"line":145,"column":17},"end":{"line":145,"column":18}},"67":{"start":{"line":146,"column":19},"end":{"line":146,"column":39}},"68":{"start":{"line":147,"column":26},"end":{"line":147,"column":68}},"69":{"start":{"line":148,"column":6},"end":{"line":148,"column":31}},"70":{"start":{"line":153,"column":23},"end":{"line":153,"column":28}},"71":{"start":{"line":154,"column":4},"end":{"line":161,"column":5}},"72":{"start":{"line":154,"column":17},"end":{"line":154,"column":18}},"73":{"start":{"line":155,"column":6},"end":{"line":160,"column":7}},"74":{"start":{"line":155,"column":19},"end":{"line":155,"column":20}},"75":{"start":{"line":156,"column":8},"end":{"line":159,"column":9}},"76":{"start":{"line":157,"column":10},"end":{"line":157,"column":30}},"77":{"start":{"line":158,"column":10},"end":{"line":158,"column":30}},"78":{"start":{"line":162,"column":4},"end":{"line":164,"column":5}},"79":{"start":{"line":163,"column":6},"end":{"line":163,"column":38}},"80":{"start":{"line":168,"column":4},"end":{"line":172,"column":5}},"81":{"start":{"line":168,"column":17},"end":{"line":168,"column":18}},"82":{"start":{"line":169,"column":6},"end":{"line":171,"column":7}},"83":{"start":{"line":170,"column":8},"end":{"line":170,"column":21}},"84":{"start":{"line":173,"column":4},"end":{"line":173,"column":16}},"85":{"start":{"line":176,"column":2},"end":{"line":185,"column":4}}},"fnMap":{"0":{"name":"boardFactory","decl":{"start":{"line":9,"column":24},"end":{"line":9,"column":36}},"loc":{"start":{"line":9,"column":39},"end":{"line":186,"column":1}},"line":9},"1":{"name":"sameCoordinates","decl":{"start":{"line":14,"column":11},"end":{"line":14,"column":26}},"loc":{"start":{"line":14,"column":67},"end":{"line":22,"column":3}},"line":14},"2":{"name":"validLocationArray","decl":{"start":{"line":24,"column":11},"end":{"line":24,"column":29}},"loc":{"start":{"line":24,"column":45},"end":{"line":49,"column":3}},"line":24},"3":{"name":"buildLocationArray","decl":{"start":{"line":51,"column":11},"end":{"line":51,"column":29}},"loc":{"start":{"line":51,"column":63},"end":{"line":65,"column":3}},"line":51},"4":{"name":"getDirectionFromHuman","decl":{"start":{"line":67,"column":17},"end":{"line":67,"column":38}},"loc":{"start":{"line":67,"column":41},"end":{"line":80,"column":3}},"line":67},"5":{"name":"(anonymous_5)","decl":{"start":{"line":69,"column":23},"end":{"line":69,"column":24}},"loc":{"start":{"line":69,"column":36},"end":{"line":79,"column":5}},"line":69},"6":{"name":"(anonymous_6)","decl":{"start":{"line":70,"column":43},"end":{"line":70,"column":44}},"loc":{"start":{"line":70,"column":50},"end":{"line":78,"column":7}},"line":70},"7":{"name":"getStartCellFromHuman","decl":{"start":{"line":82,"column":17},"end":{"line":82,"column":38}},"loc":{"start":{"line":82,"column":58},"end":{"line":103,"column":3}},"line":82},"8":{"name":"(anonymous_8)","decl":{"start":{"line":83,"column":23},"end":{"line":83,"column":24}},"loc":{"start":{"line":83,"column":36},"end":{"line":102,"column":5}},"line":83},"9":{"name":"(anonymous_9)","decl":{"start":{"line":85,"column":20},"end":{"line":85,"column":21}},"loc":{"start":{"line":85,"column":30},"end":{"line":101,"column":7}},"line":85},"10":{"name":"(anonymous_10)","decl":{"start":{"line":86,"column":39},"end":{"line":86,"column":40}},"loc":{"start":{"line":86,"column":46},"end":{"line":100,"column":9}},"line":86},"11":{"name":"placeShip","decl":{"start":{"line":105,"column":11},"end":{"line":105,"column":20}},"loc":{"start":{"line":105,"column":36},"end":{"line":108,"column":3}},"line":105},"12":{"name":"getStartCell","decl":{"start":{"line":110,"column":17},"end":{"line":110,"column":29}},"loc":{"start":{"line":110,"column":61},"end":{"line":118,"column":3}},"line":110},"13":{"name":"getDirection","decl":{"start":{"line":120,"column":17},"end":{"line":120,"column":29}},"loc":{"start":{"line":120,"column":42},"end":{"line":131,"column":3}},"line":120},"14":{"name":"getLocationArray","decl":{"start":{"line":133,"column":17},"end":{"line":133,"column":33}},"loc":{"start":{"line":133,"column":54},"end":{"line":141,"column":3}},"line":133},"15":{"name":"placeShips","decl":{"start":{"line":143,"column":17},"end":{"line":143,"column":27}},"loc":{"start":{"line":143,"column":40},"end":{"line":150,"column":3}},"line":143},"16":{"name":"receiveAttack","decl":{"start":{"line":152,"column":11},"end":{"line":152,"column":24}},"loc":{"start":{"line":152,"column":38},"end":{"line":165,"column":3}},"line":152},"17":{"name":"allSunk","decl":{"start":{"line":167,"column":11},"end":{"line":167,"column":18}},"loc":{"start":{"line":167,"column":21},"end":{"line":174,"column":3}},"line":167}},"branchMap":{"0":{"loc":{"start":{"line":15,"column":4},"end":{"line":20,"column":5}},"type":"if","locations":[{"start":{"line":15,"column":4},"end":{"line":20,"column":5}},{"start":{},"end":{}}],"line":15},"1":{"loc":{"start":{"line":16,"column":6},"end":{"line":17,"column":53}},"type":"binary-expr","locations":[{"start":{"line":16,"column":6},"end":{"line":16,"column":53}},{"start":{"line":17,"column":6},"end":{"line":17,"column":53}}],"line":16},"2":{"loc":{"start":{"line":27,"column":6},"end":{"line":36,"column":7}},"type":"if","locations":[{"start":{"line":27,"column":6},"end":{"line":36,"column":7}},{"start":{},"end":{}}],"line":27},"3":{"loc":{"start":{"line":29,"column":10},"end":{"line":32,"column":35}},"type":"binary-expr","locations":[{"start":{"line":29,"column":10},"end":{"line":29,"column":34}},{"start":{"line":30,"column":10},"end":{"line":30,"column":35}},{"start":{"line":31,"column":10},"end":{"line":31,"column":34}},{"start":{"line":32,"column":10},"end":{"line":32,"column":35}}],"line":29},"4":{"loc":{"start":{"line":42,"column":8},"end":{"line":44,"column":9}},"type":"if","locations":[{"start":{"line":42,"column":8},"end":{"line":44,"column":9}},{"start":{},"end":{}}],"line":42},"5":{"loc":{"start":{"line":55,"column":4},"end":{"line":63,"column":5}},"type":"if","locations":[{"start":{"line":55,"column":4},"end":{"line":63,"column":5}},{"start":{"line":59,"column":11},"end":{"line":63,"column":5}}],"line":55},"6":{"loc":{"start":{"line":59,"column":11},"end":{"line":63,"column":5}},"type":"if","locations":[{"start":{"line":59,"column":11},"end":{"line":63,"column":5}},{"start":{},"end":{}}],"line":59},"7":{"loc":{"start":{"line":72,"column":8},"end":{"line":76,"column":9}},"type":"if","locations":[{"start":{"line":72,"column":8},"end":{"line":76,"column":9}},{"start":{"line":74,"column":15},"end":{"line":76,"column":9}}],"line":72},"8":{"loc":{"start":{"line":72,"column":12},"end":{"line":72,"column":48}},"type":"binary-expr","locations":[{"start":{"line":72,"column":12},"end":{"line":72,"column":28}},{"start":{"line":72,"column":32},"end":{"line":72,"column":48}}],"line":72},"9":{"loc":{"start":{"line":74,"column":15},"end":{"line":76,"column":9}},"type":"if","locations":[{"start":{"line":74,"column":15},"end":{"line":76,"column":9}},{"start":{},"end":{}}],"line":74},"10":{"loc":{"start":{"line":74,"column":19},"end":{"line":74,"column":55}},"type":"binary-expr","locations":[{"start":{"line":74,"column":19},"end":{"line":74,"column":35}},{"start":{"line":74,"column":39},"end":{"line":74,"column":55}}],"line":74},"11":{"loc":{"start":{"line":88,"column":10},"end":{"line":99,"column":11}},"type":"if","locations":[{"start":{"line":88,"column":10},"end":{"line":99,"column":11}},{"start":{"line":95,"column":17},"end":{"line":99,"column":11}}],"line":88},"12":{"loc":{"start":{"line":112,"column":4},"end":{"line":116,"column":5}},"type":"if","locations":[{"start":{"line":112,"column":4},"end":{"line":116,"column":5}},{"start":{"line":114,"column":11},"end":{"line":116,"column":5}}],"line":112},"13":{"loc":{"start":{"line":122,"column":4},"end":{"line":129,"column":5}},"type":"if","locations":[{"start":{"line":122,"column":4},"end":{"line":129,"column":5}},{"start":{"line":124,"column":11},"end":{"line":129,"column":5}}],"line":122},"14":{"loc":{"start":{"line":137,"column":4},"end":{"line":139,"column":5}},"type":"if","locations":[{"start":{"line":137,"column":4},"end":{"line":139,"column":5}},{"start":{},"end":{}}],"line":137},"15":{"loc":{"start":{"line":156,"column":8},"end":{"line":159,"column":9}},"type":"if","locations":[{"start":{"line":156,"column":8},"end":{"line":159,"column":9}},{"start":{},"end":{}}],"line":156},"16":{"loc":{"start":{"line":162,"column":4},"end":{"line":164,"column":5}},"type":"if","locations":[{"start":{"line":162,"column":4},"end":{"line":164,"column":5}},{"start":{},"end":{}}],"line":162},"17":{"loc":{"start":{"line":169,"column":6},"end":{"line":171,"column":7}},"type":"if","locations":[{"start":{"line":169,"column":6},"end":{"line":171,"column":7}},{"start":{},"end":{}}],"line":169}},"s":{"0":11,"1":11,"2":11,"3":35,"4":6,"5":29,"6":42,"7":42,"8":139,"9":12,"10":30,"11":30,"12":0,"13":0,"14":0,"15":0,"16":30,"17":44,"18":44,"19":44,"20":44,"21":26,"22":26,"23":99,"24":18,"25":18,"26":18,"27":60,"28":44,"29":0,"30":0,"31":0,"32":0,"33":0,"34":0,"35":0,"36":0,"37":0,"38":0,"39":0,"40":0,"41":0,"42":0,"43":0,"44":0,"45":36,"46":36,"47":42,"48":42,"49":42,"50":0,"51":42,"52":42,"53":42,"54":42,"55":0,"56":0,"57":42,"58":42,"59":42,"60":42,"61":42,"62":12,"63":42,"64":6,"65":6,"66":6,"67":30,"68":30,"69":30,"70":7,"71":7,"72":7,"73":14,"74":14,"75":35,"76":6,"77":6,"78":7,"79":1,"80":5,"81":5,"82":6,"83":4,"84":1,"85":11},"f":{"0":11,"1":35,"2":42,"3":44,"4":0,"5":0,"6":0,"7":0,"8":0,"9":0,"10":0,"11":36,"12":42,"13":42,"14":42,"15":6,"16":7,"17":5},"b":{"0":[6,29],"1":[35,10],"2":[12,127],"3":[139,139,129,129],"4":[0,0],"5":[26,18],"6":[18,0],"7":[0,0],"8":[0,0],"9":[0,0],"10":[0,0],"11":[0,0],"12":[42,0],"13":[42,0],"14":[12,30],"15":[6,29],"16":[1,6],"17":[4,2]},"_coverageSchema":"1a1c01bbd47fc00a2c39e90264f33305004495a9","hash":"5fca32d6c716526e79ae7580c21559c3992faaea"}
,"/mnt/c/Users/Rex/Documents/Coding/the_odin_project/battleship/src/cellSelection.js": {"path":"/mnt/c/Users/Rex/Documents/Coding/the_odin_project/battleship/src/cellSelection.js","statementMap":{"0":{"start":{"line":1,"column":12},"end":{"line":1,"column":13}},"1":{"start":{"line":4,"column":2},"end":{"line":10,"column":5}},"2":{"start":{"line":5,"column":4},"end":{"line":9,"column":14}},"3":{"start":{"line":6,"column":14},"end":{"line":6,"column":48}},"4":{"start":{"line":7,"column":14},"end":{"line":7,"column":48}},"5":{"start":{"line":8,"column":6},"end":{"line":8,"column":22}},"6":{"start":{"line":14,"column":2},"end":{"line":20,"column":5}},"7":{"start":{"line":15,"column":4},"end":{"line":19,"column":14}},"8":{"start":{"line":16,"column":23},"end":{"line":16,"column":33}},"9":{"start":{"line":17,"column":22},"end":{"line":17,"column":63}},"10":{"start":{"line":18,"column":6},"end":{"line":18,"column":25}},"11":{"start":{"line":24,"column":20},"end":{"line":24,"column":37}},"12":{"start":{"line":25,"column":2},"end":{"line":25,"column":66}},"13":{"start":{"line":25,"column":48},"end":{"line":25,"column":64}},"14":{"start":{"line":26,"column":2},"end":{"line":26,"column":21}}},"fnMap":{"0":{"name":"getRandomCell","decl":{"start":{"line":3,"column":22},"end":{"line":3,"column":35}},"loc":{"start":{"line":3,"column":38},"end":{"line":11,"column":1}},"line":3},"1":{"name":"(anonymous_1)","decl":{"start":{"line":4,"column":21},"end":{"line":4,"column":22}},"loc":{"start":{"line":4,"column":34},"end":{"line":10,"column":3}},"line":4},"2":{"name":"(anonymous_2)","decl":{"start":{"line":5,"column":15},"end":{"line":5,"column":16}},"loc":{"start":{"line":5,"column":21},"end":{"line":9,"column":5}},"line":5},"3":{"name":"getRandomDirection","decl":{"start":{"line":13,"column":22},"end":{"line":13,"column":40}},"loc":{"start":{"line":13,"column":43},"end":{"line":21,"column":1}},"line":13},"4":{"name":"(anonymous_4)","decl":{"start":{"line":14,"column":21},"end":{"line":14,"column":22}},"loc":{"start":{"line":14,"column":34},"end":{"line":20,"column":3}},"line":14},"5":{"name":"(anonymous_5)","decl":{"start":{"line":15,"column":15},"end":{"line":15,"column":16}},"loc":{"start":{"line":15,"column":21},"end":{"line":19,"column":5}},"line":15},"6":{"name":"cellCoordinatesFromCellId","decl":{"start":{"line":23,"column":16},"end":{"line":23,"column":41}},"loc":{"start":{"line":23,"column":50},"end":{"line":27,"column":1}},"line":23},"7":{"name":"(anonymous_7)","decl":{"start":{"line":25,"column":36},"end":{"line":25,"column":37}},"loc":{"start":{"line":25,"column":48},"end":{"line":25,"column":64}},"line":25}},"branchMap":{},"s":{"0":4,"1":43,"2":43,"3":43,"4":43,"5":43,"6":43,"7":43,"8":43,"9":43,"10":43,"11":0,"12":0,"13":0,"14":0},"f":{"0":43,"1":43,"2":43,"3":43,"4":43,"5":43,"6":0,"7":0},"b":{},"_coverageSchema":"1a1c01bbd47fc00a2c39e90264f33305004495a9","hash":"2215a898e4ec486a2da1fc6be53a19e64e06e061"}
,"/mnt/c/Users/Rex/Documents/Coding/the_odin_project/battleship/src/displayController.js": {"path":"/mnt/c/Users/Rex/Documents/Coding/the_odin_project/battleship/src/displayController.js","statementMap":{"0":{"start":{"line":2,"column":13},"end":{"line":2,"column":75}},"1":{"start":{"line":3,"column":2},"end":{"line":3,"column":14}},"2":{"start":{"line":7,"column":2},"end":{"line":7,"column":32}},"3":{"start":{"line":10,"column":32},"end":{"line":14,"column":1}},"4":{"start":{"line":11,"column":16},"end":{"line":11,"column":48}},"5":{"start":{"line":12,"column":21},"end":{"line":12,"column":42}},"6":{"start":{"line":13,"column":2},"end":{"line":13,"column":51}},"7":{"start":{"line":18,"column":2},"end":{"line":23,"column":3}},"8":{"start":{"line":18,"column":15},"end":{"line":18,"column":16}},"9":{"start":{"line":19,"column":4},"end":{"line":22,"column":5}},"10":{"start":{"line":19,"column":17},"end":{"line":19,"column":18}},"11":{"start":{"line":20,"column":17},"end":{"line":20,"column":47}},"12":{"start":{"line":21,"column":6},"end":{"line":21,"column":36}},"13":{"start":{"line":26,"column":2},"end":{"line":30,"column":3}},"14":{"start":{"line":26,"column":15},"end":{"line":26,"column":16}},"15":{"start":{"line":27,"column":34},"end":{"line":27,"column":56}},"16":{"start":{"line":28,"column":17},"end":{"line":28,"column":62}},"17":{"start":{"line":29,"column":4},"end":{"line":29,"column":30}},"18":{"start":{"line":33,"column":2},"end":{"line":42,"column":3}},"19":{"start":{"line":33,"column":15},"end":{"line":33,"column":16}},"20":{"start":{"line":34,"column":17},"end":{"line":34,"column":35}},"21":{"start":{"line":35,"column":4},"end":{"line":41,"column":5}},"22":{"start":{"line":35,"column":17},"end":{"line":35,"column":18}},"23":{"start":{"line":36,"column":6},"end":{"line":40,"column":7}},"24":{"start":{"line":37,"column":35},"end":{"line":37,"column":56}},"25":{"start":{"line":38,"column":21},"end":{"line":38,"column":63}},"26":{"start":{"line":39,"column":8},"end":{"line":39,"column":36}},"27":{"start":{"line":46,"column":25},"end":{"line":46,"column":59}},"28":{"start":{"line":47,"column":2},"end":{"line":47,"column":39}},"29":{"start":{"line":51,"column":24},"end":{"line":51,"column":68}},"30":{"start":{"line":52,"column":24},"end":{"line":52,"column":68}},"31":{"start":{"line":53,"column":2},"end":{"line":53,"column":52}},"32":{"start":{"line":54,"column":2},"end":{"line":54,"column":52}}},"fnMap":{"0":{"name":"getCellFromCoordinates","decl":{"start":{"line":1,"column":9},"end":{"line":1,"column":31}},"loc":{"start":{"line":1,"column":45},"end":{"line":4,"column":1}},"line":1},"1":{"name":"setCellColor","decl":{"start":{"line":6,"column":9},"end":{"line":6,"column":21}},"loc":{"start":{"line":6,"column":35},"end":{"line":8,"column":1}},"line":6},"2":{"name":"(anonymous_2)","decl":{"start":{"line":10,"column":32},"end":{"line":10,"column":33}},"loc":{"start":{"line":10,"column":38},"end":{"line":14,"column":1}},"line":10},"3":{"name":"showBoard","decl":{"start":{"line":16,"column":16},"end":{"line":16,"column":25}},"loc":{"start":{"line":16,"column":33},"end":{"line":43,"column":1}},"line":16},"4":{"name":"displayMessage","decl":{"start":{"line":45,"column":16},"end":{"line":45,"column":30}},"loc":{"start":{"line":45,"column":40},"end":{"line":48,"column":1}},"line":45},"5":{"name":"displayRecords","decl":{"start":{"line":50,"column":16},"end":{"line":50,"column":30}},"loc":{"start":{"line":50,"column":49},"end":{"line":55,"column":1}},"line":50}},"branchMap":{"0":{"loc":{"start":{"line":36,"column":6},"end":{"line":40,"column":7}},"type":"if","locations":[{"start":{"line":36,"column":6},"end":{"line":40,"column":7}},{"start":{},"end":{}}],"line":36}},"s":{"0":0,"1":0,"2":0,"3":3,"4":0,"5":0,"6":0,"7":0,"8":0,"9":0,"10":0,"11":0,"12":0,"13":0,"14":0,"15":0,"16":0,"17":0,"18":0,"19":0,"20":0,"21":0,"22":0,"23":0,"24":0,"25":0,"26":0,"27":0,"28":0,"29":0,"30":0,"31":0,"32":0},"f":{"0":0,"1":0,"2":0,"3":0,"4":0,"5":0},"b":{"0":[0,0]},"_coverageSchema":"1a1c01bbd47fc00a2c39e90264f33305004495a9","hash":"34c338c9d80e41635dbab97d52853b04a88b836b"}
,"/mnt/c/Users/Rex/Documents/Coding/the_odin_project/battleship/src/game.js": {"path":"/mnt/c/Users/Rex/Documents/Coding/the_odin_project/battleship/src/game.js","statementMap":{"0":{"start":{"line":5,"column":4},"end":{"line":5,"column":31}},"1":{"start":{"line":6,"column":4},"end":{"line":6,"column":31}},"2":{"start":{"line":10,"column":26},"end":{"line":10,"column":68}},"3":{"start":{"line":11,"column":28},"end":{"line":11,"column":72}},"4":{"start":{"line":12,"column":26},"end":{"line":12,"column":68}},"5":{"start":{"line":13,"column":28},"end":{"line":13,"column":72}},"6":{"start":{"line":14,"column":4},"end":{"line":14,"column":50}},"7":{"start":{"line":15,"column":4},"end":{"line":15,"column":54}},"8":{"start":{"line":16,"column":4},"end":{"line":16,"column":50}},"9":{"start":{"line":17,"column":4},"end":{"line":17,"column":54}},"10":{"start":{"line":21,"column":4},"end":{"line":21,"column":66}},"11":{"start":{"line":26,"column":4},"end":{"line":26,"column":17}},"12":{"start":{"line":27,"column":4},"end":{"line":27,"column":17}},"13":{"start":{"line":29,"column":4},"end":{"line":29,"column":80}},"14":{"start":{"line":31,"column":4},"end":{"line":31,"column":21}},"15":{"start":{"line":35,"column":4},"end":{"line":35,"column":45}},"16":{"start":{"line":38,"column":26},"end":{"line":38,"column":59}},"17":{"start":{"line":41,"column":4},"end":{"line":41,"column":68}},"18":{"start":{"line":42,"column":4},"end":{"line":42,"column":47}},"19":{"start":{"line":43,"column":4},"end":{"line":43,"column":45}},"20":{"start":{"line":45,"column":4},"end":{"line":49,"column":5}},"21":{"start":{"line":46,"column":6},"end":{"line":46,"column":16}},"22":{"start":{"line":48,"column":6},"end":{"line":48,"column":30}},"23":{"start":{"line":53,"column":4},"end":{"line":53,"column":15}},"24":{"start":{"line":56,"column":2},"end":{"line":62,"column":4}}},"fnMap":{"0":{"name":"gameFactory","decl":{"start":{"line":3,"column":24},"end":{"line":3,"column":35}},"loc":{"start":{"line":3,"column":58},"end":{"line":63,"column":1}},"line":3},"1":{"name":"setupGame","decl":{"start":{"line":4,"column":17},"end":{"line":4,"column":26}},"loc":{"start":{"line":4,"column":29},"end":{"line":7,"column":3}},"line":4},"2":{"name":"displayRecords","decl":{"start":{"line":9,"column":11},"end":{"line":9,"column":25}},"loc":{"start":{"line":9,"column":28},"end":{"line":18,"column":3}},"line":9},"3":{"name":"gameOver","decl":{"start":{"line":20,"column":11},"end":{"line":20,"column":19}},"loc":{"start":{"line":20,"column":22},"end":{"line":22,"column":3}},"line":20},"4":{"name":"endGame","decl":{"start":{"line":24,"column":11},"end":{"line":24,"column":18}},"loc":{"start":{"line":24,"column":34},"end":{"line":32,"column":3}},"line":24},"5":{"name":"playTurn","decl":{"start":{"line":34,"column":17},"end":{"line":34,"column":25}},"loc":{"start":{"line":34,"column":41},"end":{"line":50,"column":3}},"line":34},"6":{"name":"playGame","decl":{"start":{"line":52,"column":11},"end":{"line":52,"column":19}},"loc":{"start":{"line":52,"column":22},"end":{"line":54,"column":3}},"line":52}},"branchMap":{"0":{"loc":{"start":{"line":21,"column":11},"end":{"line":21,"column":65}},"type":"binary-expr","locations":[{"start":{"line":21,"column":11},"end":{"line":21,"column":36}},{"start":{"line":21,"column":40},"end":{"line":21,"column":65}}],"line":21},"1":{"loc":{"start":{"line":45,"column":4},"end":{"line":49,"column":5}},"type":"if","locations":[{"start":{"line":45,"column":4},"end":{"line":49,"column":5}},{"start":{"line":47,"column":11},"end":{"line":49,"column":5}}],"line":45}},"s":{"0":2,"1":2,"2":0,"3":0,"4":0,"5":0,"6":0,"7":0,"8":0,"9":0,"10":2,"11":0,"12":0,"13":0,"14":0,"15":0,"16":0,"17":0,"18":0,"19":0,"20":0,"21":0,"22":0,"23":0,"24":2},"f":{"0":2,"1":2,"2":0,"3":2,"4":0,"5":0,"6":0},"b":{"0":[2,2],"1":[0,0]},"_coverageSchema":"1a1c01bbd47fc00a2c39e90264f33305004495a9","hash":"26cdfbbb83a1dbbabdfe82ce176f3996fd663724"}
,"/mnt/c/Users/Rex/Documents/Coding/the_odin_project/battleship/src/player.js": {"path":"/mnt/c/Users/Rex/Documents/Coding/the_odin_project/battleship/src/player.js","statementMap":{"0":{"start":{"line":7,"column":13},"end":{"line":7,"column":14}},"1":{"start":{"line":8,"column":15},"end":{"line":8,"column":16}},"2":{"start":{"line":9,"column":14},"end":{"line":9,"column":28}},"3":{"start":{"line":10,"column":22},"end":{"line":10,"column":24}},"4":{"start":{"line":13,"column":4},"end":{"line":13,"column":14}},"5":{"start":{"line":14,"column":4},"end":{"line":14,"column":16}},"6":{"start":{"line":18,"column":4},"end":{"line":18,"column":16}},"7":{"start":{"line":19,"column":4},"end":{"line":19,"column":18}},"8":{"start":{"line":23,"column":4},"end":{"line":23,"column":39}},"9":{"start":{"line":27,"column":4},"end":{"line":42,"column":7}},"10":{"start":{"line":28,"column":18},"end":{"line":28,"column":52}},"11":{"start":{"line":29,"column":6},"end":{"line":41,"column":9}},"12":{"start":{"line":30,"column":8},"end":{"line":40,"column":11}},"13":{"start":{"line":31,"column":32},"end":{"line":31,"column":70}},"14":{"start":{"line":32,"column":10},"end":{"line":39,"column":11}},"15":{"start":{"line":33,"column":12},"end":{"line":35,"column":14}},"16":{"start":{"line":37,"column":12},"end":{"line":37,"column":49}},"17":{"start":{"line":38,"column":12},"end":{"line":38,"column":37}},"18":{"start":{"line":46,"column":26},"end":{"line":46,"column":47}},"19":{"start":{"line":47,"column":4},"end":{"line":49,"column":5}},"20":{"start":{"line":48,"column":6},"end":{"line":48,"column":42}},"21":{"start":{"line":50,"column":4},"end":{"line":50,"column":27}},"22":{"start":{"line":55,"column":4},"end":{"line":59,"column":5}},"23":{"start":{"line":56,"column":6},"end":{"line":56,"column":48}},"24":{"start":{"line":58,"column":6},"end":{"line":58,"column":45}},"25":{"start":{"line":60,"column":4},"end":{"line":60,"column":27}},"26":{"start":{"line":63,"column":2},"end":{"line":72,"column":4}}},"fnMap":{"0":{"name":"playerFactory","decl":{"start":{"line":5,"column":24},"end":{"line":5,"column":37}},"loc":{"start":{"line":5,"column":56},"end":{"line":73,"column":1}},"line":5},"1":{"name":"win","decl":{"start":{"line":12,"column":11},"end":{"line":12,"column":14}},"loc":{"start":{"line":12,"column":17},"end":{"line":15,"column":3}},"line":12},"2":{"name":"lose","decl":{"start":{"line":17,"column":11},"end":{"line":17,"column":15}},"loc":{"start":{"line":17,"column":18},"end":{"line":20,"column":3}},"line":17},"3":{"name":"setBoard","decl":{"start":{"line":22,"column":17},"end":{"line":22,"column":25}},"loc":{"start":{"line":22,"column":28},"end":{"line":24,"column":3}},"line":22},"4":{"name":"getHumanShot","decl":{"start":{"line":26,"column":17},"end":{"line":26,"column":29}},"loc":{"start":{"line":26,"column":32},"end":{"line":43,"column":3}},"line":26},"5":{"name":"(anonymous_5)","decl":{"start":{"line":27,"column":23},"end":{"line":27,"column":24}},"loc":{"start":{"line":27,"column":36},"end":{"line":42,"column":5}},"line":27},"6":{"name":"(anonymous_6)","decl":{"start":{"line":29,"column":20},"end":{"line":29,"column":21}},"loc":{"start":{"line":29,"column":30},"end":{"line":41,"column":7}},"line":29},"7":{"name":"(anonymous_7)","decl":{"start":{"line":30,"column":39},"end":{"line":30,"column":40}},"loc":{"start":{"line":30,"column":46},"end":{"line":40,"column":9}},"line":30},"8":{"name":"getComputerShot","decl":{"start":{"line":45,"column":17},"end":{"line":45,"column":32}},"loc":{"start":{"line":45,"column":35},"end":{"line":51,"column":3}},"line":45},"9":{"name":"getShotCoordinates","decl":{"start":{"line":53,"column":17},"end":{"line":53,"column":35}},"loc":{"start":{"line":53,"column":38},"end":{"line":61,"column":3}},"line":53}},"branchMap":{"0":{"loc":{"start":{"line":32,"column":10},"end":{"line":39,"column":11}},"type":"if","locations":[{"start":{"line":32,"column":10},"end":{"line":39,"column":11}},{"start":{"line":36,"column":17},"end":{"line":39,"column":11}}],"line":32},"1":{"loc":{"start":{"line":47,"column":4},"end":{"line":49,"column":5}},"type":"if","locations":[{"start":{"line":47,"column":4},"end":{"line":49,"column":5}},{"start":{},"end":{}}],"line":47},"2":{"loc":{"start":{"line":55,"column":4},"end":{"line":59,"column":5}},"type":"if","locations":[{"start":{"line":55,"column":4},"end":{"line":59,"column":5}},{"start":{"line":57,"column":11},"end":{"line":59,"column":5}}],"line":55}},"s":{"0":5,"1":5,"2":5,"3":5,"4":0,"5":0,"6":0,"7":0,"8":5,"9":0,"10":0,"11":0,"12":0,"13":0,"14":0,"15":0,"16":0,"17":0,"18":0,"19":0,"20":0,"21":0,"22":0,"23":0,"24":0,"25":0,"26":5},"f":{"0":5,"1":0,"2":0,"3":5,"4":0,"5":0,"6":0,"7":0,"8":0,"9":0},"b":{"0":[0,0],"1":[0,0],"2":[0,0]},"_coverageSchema":"1a1c01bbd47fc00a2c39e90264f33305004495a9","hash":"2d74da8eb6b659896eef4251d52ff660dc9984d0"}
,"/mnt/c/Users/Rex/Documents/Coding/the_odin_project/battleship/src/ship.js": {"path":"/mnt/c/Users/Rex/Documents/Coding/the_odin_project/battleship/src/ship.js","statementMap":{"0":{"start":{"line":2,"column":22},"end":{"line":2,"column":61}},"1":{"start":{"line":5,"column":4},"end":{"line":5,"column":30}},"2":{"start":{"line":9,"column":4},"end":{"line":13,"column":5}},"3":{"start":{"line":9,"column":17},"end":{"line":9,"column":18}},"4":{"start":{"line":10,"column":6},"end":{"line":12,"column":7}},"5":{"start":{"line":11,"column":8},"end":{"line":11,"column":21}},"6":{"start":{"line":14,"column":4},"end":{"line":14,"column":16}},"7":{"start":{"line":17,"column":2},"end":{"line":22,"column":4}}},"fnMap":{"0":{"name":"shipFactory","decl":{"start":{"line":1,"column":24},"end":{"line":1,"column":35}},"loc":{"start":{"line":1,"column":51},"end":{"line":23,"column":1}},"line":1},"1":{"name":"hit","decl":{"start":{"line":4,"column":11},"end":{"line":4,"column":14}},"loc":{"start":{"line":4,"column":25},"end":{"line":6,"column":3}},"line":4},"2":{"name":"isSunk","decl":{"start":{"line":8,"column":11},"end":{"line":8,"column":17}},"loc":{"start":{"line":8,"column":20},"end":{"line":15,"column":3}},"line":8}},"branchMap":{"0":{"loc":{"start":{"line":10,"column":6},"end":{"line":12,"column":7}},"type":"if","locations":[{"start":{"line":10,"column":6},"end":{"line":12,"column":7}},{"start":{},"end":{}}],"line":10}},"s":{"0":40,"1":10,"2":7,"3":7,"4":12,"5":4,"6":3,"7":40},"f":{"0":40,"1":10,"2":7},"b":{"0":[4,8]},"_coverageSchema":"1a1c01bbd47fc00a2c39e90264f33305004495a9","hash":"8306e9501d508989a2991b992b75a3f3f77b442f"}
}
