{"/mnt/c/Users/Rex/Documents/Coding/the_odin_project/battleship/board.js": {"path":"/mnt/c/Users/Rex/Documents/Coding/the_odin_project/battleship/board.js","statementMap":{"0":{"start":{"line":4,"column":24},"end":{"line":4,"column":26}},"1":{"start":{"line":5,"column":20},"end":{"line":34,"column":3}},"2":{"start":{"line":39,"column":23},"end":{"line":39,"column":28}},"3":{"start":{"line":40,"column":4},"end":{"line":50,"column":5}},"4":{"start":{"line":40,"column":17},"end":{"line":40,"column":18}},"5":{"start":{"line":41,"column":6},"end":{"line":49,"column":7}},"6":{"start":{"line":41,"column":19},"end":{"line":41,"column":20}},"7":{"start":{"line":42,"column":8},"end":{"line":48,"column":9}},"8":{"start":{"line":46,"column":10},"end":{"line":46,"column":30}},"9":{"start":{"line":47,"column":10},"end":{"line":47,"column":30}},"10":{"start":{"line":51,"column":4},"end":{"line":53,"column":5}},"11":{"start":{"line":52,"column":6},"end":{"line":52,"column":38}},"12":{"start":{"line":57,"column":4},"end":{"line":61,"column":5}},"13":{"start":{"line":57,"column":17},"end":{"line":57,"column":18}},"14":{"start":{"line":58,"column":6},"end":{"line":60,"column":7}},"15":{"start":{"line":59,"column":8},"end":{"line":59,"column":21}},"16":{"start":{"line":62,"column":4},"end":{"line":62,"column":16}},"17":{"start":{"line":65,"column":2},"end":{"line":70,"column":4}}},"fnMap":{"0":{"name":"boardFactory","decl":{"start":{"line":3,"column":24},"end":{"line":3,"column":36}},"loc":{"start":{"line":3,"column":39},"end":{"line":71,"column":1}},"line":3},"1":{"name":"receiveAttack","decl":{"start":{"line":38,"column":11},"end":{"line":38,"column":24}},"loc":{"start":{"line":38,"column":38},"end":{"line":54,"column":3}},"line":38},"2":{"name":"allSunk","decl":{"start":{"line":56,"column":11},"end":{"line":56,"column":18}},"loc":{"start":{"line":56,"column":21},"end":{"line":63,"column":3}},"line":56}},"branchMap":{"0":{"loc":{"start":{"line":42,"column":8},"end":{"line":48,"column":9}},"type":"if","locations":[{"start":{"line":42,"column":8},"end":{"line":48,"column":9}},{"start":{},"end":{}}],"line":42},"1":{"loc":{"start":{"line":43,"column":10},"end":{"line":44,"column":61}},"type":"binary-expr","locations":[{"start":{"line":43,"column":10},"end":{"line":43,"column":61}},{"start":{"line":44,"column":10},"end":{"line":44,"column":61}}],"line":43},"2":{"loc":{"start":{"line":51,"column":4},"end":{"line":53,"column":5}},"type":"if","locations":[{"start":{"line":51,"column":4},"end":{"line":53,"column":5}},{"start":{},"end":{}}],"line":51},"3":{"loc":{"start":{"line":58,"column":6},"end":{"line":60,"column":7}},"type":"if","locations":[{"start":{"line":58,"column":6},"end":{"line":60,"column":7}},{"start":{},"end":{}}],"line":58}},"s":{"0":4,"1":4,"2":19,"3":19,"4":19,"5":95,"6":95,"7":323,"8":18,"9":18,"10":19,"11":1,"12":2,"13":2,"14":6,"15":1,"16":1,"17":4},"f":{"0":4,"1":19,"2":2},"b":{"0":[18,305],"1":[323,64],"2":[1,18],"3":[1,5]},"_coverageSchema":"1a1c01bbd47fc00a2c39e90264f33305004495a9","hash":"ecd6691f2f3e94575b79ed89e43f376284c63dbd"}
,"/mnt/c/Users/Rex/Documents/Coding/the_odin_project/battleship/ship.js": {"path":"/mnt/c/Users/Rex/Documents/Coding/the_odin_project/battleship/ship.js","statementMap":{"0":{"start":{"line":2,"column":22},"end":{"line":2,"column":47}},"1":{"start":{"line":5,"column":4},"end":{"line":5,"column":30}},"2":{"start":{"line":9,"column":4},"end":{"line":13,"column":5}},"3":{"start":{"line":9,"column":17},"end":{"line":9,"column":18}},"4":{"start":{"line":10,"column":6},"end":{"line":12,"column":7}},"5":{"start":{"line":11,"column":8},"end":{"line":11,"column":21}},"6":{"start":{"line":14,"column":4},"end":{"line":14,"column":16}},"7":{"start":{"line":17,"column":2},"end":{"line":22,"column":4}}},"fnMap":{"0":{"name":"shipFactory","decl":{"start":{"line":1,"column":24},"end":{"line":1,"column":35}},"loc":{"start":{"line":1,"column":59},"end":{"line":23,"column":1}},"line":1},"1":{"name":"hit","decl":{"start":{"line":4,"column":11},"end":{"line":4,"column":14}},"loc":{"start":{"line":4,"column":25},"end":{"line":6,"column":3}},"line":4},"2":{"name":"isSunk","decl":{"start":{"line":8,"column":11},"end":{"line":8,"column":17}},"loc":{"start":{"line":8,"column":20},"end":{"line":15,"column":3}},"line":8}},"branchMap":{"0":{"loc":{"start":{"line":10,"column":6},"end":{"line":12,"column":7}},"type":"if","locations":[{"start":{"line":10,"column":6},"end":{"line":12,"column":7}},{"start":{},"end":{}}],"line":10}},"s":{"0":22,"1":22,"2":7,"3":7,"4":21,"5":1,"6":6,"7":22},"f":{"0":22,"1":22,"2":7},"b":{"0":[1,20]},"_coverageSchema":"1a1c01bbd47fc00a2c39e90264f33305004495a9","hash":"9784edde2e76b2d225a1fc81ca75a71ab3588ec9"}
}
