TN:
SF:src/board.js
FN:9,boardFactory
FN:14,sameCoordinates
FN:24,validLocationArray
FN:51,buildLocationArray
FN:67,placeShip
FN:72,getStartCell
FN:82,getDirection
FN:92,placeShips
FN:108,receiveAttack
FN:123,allSunk
FNF:10
FNH:10
FNDA:15,boardFactory
FNDA:35,sameCoordinates
FNDA:68,validLocationArray
FNDA:40,buildLocationArray
FNDA:36,placeShip
FNDA:38,getStartCell
FNDA:38,getDirection
FNDA:6,placeShips
FNDA:7,receiveAttack
FNDA:4,allSunk
DA:10,15
DA:11,15
DA:12,15
DA:15,35
DA:19,6
DA:21,29
DA:26,68
DA:27,154
DA:35,38
DA:40,30
DA:41,0
DA:42,0
DA:43,0
DA:48,30
DA:52,40
DA:53,40
DA:54,40
DA:55,40
DA:56,23
DA:57,80
DA:59,17
DA:60,17
DA:61,56
DA:64,40
DA:68,36
DA:69,36
DA:73,38
DA:74,38
DA:75,38
DA:77,0
DA:79,38
DA:83,38
DA:84,38
DA:85,38
DA:87,0
DA:89,38
DA:93,6
DA:94,6
DA:95,30
DA:96,30
DA:97,38
DA:99,38
DA:101,38
DA:102,38
DA:104,30
DA:109,7
DA:110,7
DA:111,14
DA:112,35
DA:113,6
DA:114,6
DA:118,7
DA:119,1
DA:124,4
DA:125,5
DA:126,3
DA:129,1
DA:132,15
LF:58
LH:53
BRDA:15,0,0,6
BRDA:15,0,1,29
BRDA:16,1,0,35
BRDA:16,1,1,10
BRDA:27,2,0,38
BRDA:27,2,1,116
BRDA:29,3,0,154
BRDA:29,3,1,124
BRDA:29,3,2,119
BRDA:29,3,3,119
BRDA:42,4,0,0
BRDA:42,4,1,0
BRDA:55,5,0,23
BRDA:55,5,1,17
BRDA:59,6,0,17
BRDA:59,6,1,0
BRDA:74,7,0,38
BRDA:74,7,1,0
BRDA:84,8,0,38
BRDA:84,8,1,0
BRDA:112,9,0,6
BRDA:112,9,1,29
BRDA:118,10,0,1
BRDA:118,10,1,6
BRDA:125,11,0,3
BRDA:125,11,1,2
BRF:26
BRH:21
end_of_record
TN:
SF:src/displayController.js
FN:1,(anonymous_0)
FN:2,getCellFromCoordinates
FN:7,displayMissedCell
FN:11,displayHitCell
FN:15,showBoard
FNF:5
FNH:0
FNDA:0,(anonymous_0)
FNDA:0,getCellFromCoordinates
FNDA:0,displayMissedCell
FNDA:0,displayHitCell
FNDA:0,showBoard
DA:3,0
DA:4,0
DA:8,0
DA:12,0
DA:17,0
DA:18,0
DA:19,0
DA:20,0
DA:24,0
DA:25,0
DA:26,0
DA:27,0
DA:28,0
DA:29,0
DA:30,0
DA:36,0
LF:16
LH:0
BRDA:27,0,0,0
BRDA:27,0,1,0
BRF:2
BRH:0
end_of_record
TN:
SF:src/game.js
FN:3,gameFactory
FN:7,setupGame
FN:12,switchActivePlayer
FN:22,gameOver
FN:28,endGame
FN:41,playTurn
FN:51,playGame
FNF:7
FNH:4
FNDA:4,gameFactory
FNDA:2,setupGame
FNDA:2,switchActivePlayer
FNDA:1,gameOver
FNDA:0,endGame
FNDA:0,playTurn
FNDA:0,playGame
DA:4,4
DA:5,4
DA:8,2
DA:9,2
DA:13,2
DA:14,1
DA:15,1
DA:17,1
DA:18,1
DA:23,1
DA:30,0
DA:31,0
DA:33,0
DA:35,0
DA:36,0
DA:38,0
DA:42,0
DA:44,0
DA:47,0
DA:48,0
DA:52,0
DA:53,0
DA:54,0
DA:55,0
DA:58,0
DA:61,4
LF:26
LH:11
BRDA:13,0,0,1
BRDA:13,0,1,1
BRDA:24,1,0,1
BRDA:24,1,1,1
BRDA:54,2,0,0
BRDA:54,2,1,0
BRF:6
BRH:4
end_of_record
TN:
SF:src/player.js
FN:4,playerFactory
FN:9,printRecord
FN:15,win
FN:19,lose
FN:23,setBoard
FN:27,getHumanShot
FN:38,getComputerShot
FN:46,shoot
FNF:8
FNH:2
FNDA:9,playerFactory
FNDA:0,printRecord
FNDA:0,win
FNDA:0,lose
FNDA:5,setBoard
FNDA:0,getHumanShot
FNDA:0,getComputerShot
FNDA:0,shoot
DA:5,9
DA:6,9
DA:7,9
DA:10,0
DA:13,9
DA:16,0
DA:20,0
DA:24,5
DA:28,0
DA:29,0
DA:30,0
DA:33,0
DA:35,0
DA:39,0
DA:40,0
DA:41,0
DA:43,0
DA:48,0
DA:49,0
DA:51,0
DA:53,0
DA:56,9
LF:22
LH:6
BRDA:29,0,0,0
BRDA:29,0,1,0
BRDA:40,1,0,0
BRDA:40,1,1,0
BRDA:48,2,0,0
BRDA:48,2,1,0
BRF:6
BRH:0
end_of_record
TN:
SF:src/randomCell.js
FN:1,getRandomCell
FN:7,getRandomDirection
FN:13,getDirectionFromHuman
FN:21,getCellFromHuman
FNF:4
FNH:4
FNDA:39,getRandomCell
FNDA:39,getRandomDirection
FNDA:1,getDirectionFromHuman
FNDA:1,getCellFromHuman
DA:2,39
DA:3,39
DA:4,39
DA:8,39
DA:9,39
DA:10,39
DA:14,1
DA:15,1
DA:16,1
DA:18,1
DA:22,1
DA:23,1
DA:24,1
DA:25,1
DA:26,0
DA:27,0
DA:29,1
LF:17
LH:15
BRDA:15,0,0,2
BRDA:15,0,1,1
BRDA:25,1,0,0
BRDA:25,1,1,1
BRDA:25,2,0,1
BRDA:25,2,1,1
BRDA:25,2,2,1
BRDA:25,2,3,1
BRF:8
BRH:7
end_of_record
TN:
SF:src/ship.js
FN:1,shipFactory
FN:4,hit
FN:8,isSunk
FNF:3
FNH:3
FNDA:40,shipFactory
FNDA:10,hit
FNDA:6,isSunk
DA:2,40
DA:5,10
DA:9,6
DA:10,11
DA:11,3
DA:14,3
DA:17,40
LF:7
LH:7
BRDA:10,0,0,3
BRDA:10,0,1,8
BRF:2
BRH:2
end_of_record
