TN:
SF:src/board.js
FN:9,boardFactory
FN:14,sameCoordinates
FN:24,validLocationArray
FN:38,coordinatesOnBoard
FN:54,overlappingCoordinates
FN:74,buildLocationArray
FN:90,getDirectionFromHuman
FN:92,(anonymous_7)
FN:93,(anonymous_8)
FN:105,getStartCellFromHuman
FN:106,(anonymous_10)
FN:108,(anonymous_11)
FN:109,(anonymous_12)
FN:128,placeShip
FN:136,getStartCell
FN:146,getDirection
FN:159,getLocationArray
FN:169,placeShips
FN:179,receiveAttack
FN:194,allSunk
FNF:20
FNH:13
FNDA:18,boardFactory
FNDA:850,sameCoordinates
FNDA:55,validLocationArray
FNDA:55,coordinatesOnBoard
FNDA:41,overlappingCoordinates
FNDA:54,buildLocationArray
FNDA:0,getDirectionFromHuman
FNDA:0,(anonymous_7)
FNDA:0,(anonymous_8)
FNDA:0,getStartCellFromHuman
FNDA:0,(anonymous_10)
FNDA:0,(anonymous_11)
FNDA:0,(anonymous_12)
FNDA:38,placeShip
FNDA:52,getStartCell
FNDA:52,getDirection
FNDA:52,getLocationArray
FNDA:6,placeShips
FNDA:7,receiveAttack
FNDA:5,allSunk
DA:10,18
DA:11,18
DA:12,18
DA:15,850
DA:19,16
DA:21,834
DA:26,55
DA:27,16
DA:31,39
DA:32,8
DA:35,31
DA:39,55
DA:40,172
DA:48,16
DA:51,39
DA:59,41
DA:60,297
DA:61,813
DA:67,9
DA:71,32
DA:75,54
DA:76,54
DA:77,54
DA:78,54
DA:79,25
DA:80,88
DA:82,29
DA:83,29
DA:84,94
DA:87,54
DA:92,0
DA:93,0
DA:95,0
DA:96,0
DA:97,0
DA:98,0
DA:100,0
DA:106,0
DA:107,0
DA:108,0
DA:109,0
DA:110,0
DA:111,0
DA:116,0
DA:117,0
DA:119,0
DA:129,38
DA:130,38
DA:131,38
DA:132,123
DA:137,52
DA:138,52
DA:139,52
DA:141,0
DA:143,52
DA:147,52
DA:148,52
DA:149,52
DA:151,0
DA:154,0
DA:156,52
DA:160,52
DA:161,52
DA:162,52
DA:163,52
DA:164,22
DA:166,52
DA:170,6
DA:171,6
DA:172,6
DA:173,30
DA:174,30
DA:175,30
DA:180,7
DA:181,7
DA:182,14
DA:183,35
DA:184,6
DA:185,6
DA:189,7
DA:190,1
DA:195,5
DA:196,6
DA:197,4
DA:200,1
DA:203,18
LF:86
LH:67
BRDA:15,0,0,16
BRDA:15,0,1,834
BRDA:16,1,0,850
BRDA:16,1,1,64
BRDA:26,2,0,16
BRDA:26,2,1,39
BRDA:31,3,0,8
BRDA:31,3,1,31
BRDA:40,4,0,16
BRDA:40,4,1,156
BRDA:42,5,0,172
BRDA:42,5,1,172
BRDA:42,5,2,163
BRDA:42,5,3,163
BRDA:61,6,0,9
BRDA:61,6,1,804
BRDA:78,7,0,25
BRDA:78,7,1,29
BRDA:82,8,0,29
BRDA:82,8,1,0
BRDA:95,9,0,0
BRDA:95,9,1,0
BRDA:95,10,0,0
BRDA:95,10,1,0
BRDA:97,11,0,0
BRDA:97,11,1,0
BRDA:97,12,0,0
BRDA:97,12,1,0
BRDA:111,13,0,0
BRDA:111,13,1,0
BRDA:138,14,0,52
BRDA:138,14,1,0
BRDA:148,15,0,52
BRDA:148,15,1,0
BRDA:163,16,0,22
BRDA:163,16,1,30
BRDA:183,17,0,6
BRDA:183,17,1,29
BRDA:189,18,0,1
BRDA:189,18,1,6
BRDA:196,19,0,4
BRDA:196,19,1,2
BRF:42
BRH:29
end_of_record
TN:
SF:src/cellSelection.js
FN:3,getRandomCell
FN:4,(anonymous_1)
FN:5,(anonymous_2)
FN:13,getRandomDirection
FN:14,(anonymous_4)
FN:15,(anonymous_5)
FN:23,cellCoordinatesFromCellId
FN:25,(anonymous_7)
FNF:8
FNH:6
FNDA:53,getRandomCell
FNDA:53,(anonymous_1)
FNDA:53,(anonymous_2)
FNDA:53,getRandomDirection
FNDA:53,(anonymous_4)
FNDA:53,(anonymous_5)
FNDA:0,cellCoordinatesFromCellId
FNDA:0,(anonymous_7)
DA:1,4
DA:4,53
DA:5,53
DA:6,53
DA:7,53
DA:8,53
DA:14,53
DA:15,53
DA:16,53
DA:17,53
DA:18,53
DA:24,0
DA:25,0
DA:26,0
LF:14
LH:11
BRF:0
BRH:0
end_of_record
TN:
SF:src/displayController.js
FN:1,getCellFromCoordinates
FN:6,setCellColor
FN:11,(anonymous_2)
FN:17,showBoard
FN:46,displayMessage
FN:51,displayRecords
FNF:6
FNH:0
FNDA:0,getCellFromCoordinates
FNDA:0,setCellColor
FNDA:0,(anonymous_2)
FNDA:0,showBoard
FNDA:0,displayMessage
FNDA:0,displayRecords
DA:2,0
DA:3,0
DA:7,0
DA:8,0
DA:11,3
DA:12,0
DA:13,0
DA:14,0
DA:19,0
DA:20,0
DA:21,0
DA:22,0
DA:27,0
DA:28,0
DA:29,0
DA:30,0
DA:34,0
DA:35,0
DA:36,0
DA:37,0
DA:38,0
DA:39,0
DA:40,0
DA:47,0
DA:48,0
DA:52,0
DA:53,0
DA:54,0
DA:55,0
LF:29
LH:1
BRDA:37,0,0,0
BRDA:37,0,1,0
BRF:2
BRH:0
end_of_record
TN:
SF:src/game.js
FN:3,gameFactory
FN:4,setupGame
FN:9,displayRecords
FN:20,gameOver
FN:24,endGame
FN:34,playTurn
FN:51,playGame
FNF:7
FNH:3
FNDA:2,gameFactory
FNDA:2,setupGame
FNDA:0,displayRecords
FNDA:2,gameOver
FNDA:0,endGame
FNDA:0,playTurn
FNDA:0,playGame
DA:5,2
DA:6,2
DA:10,0
DA:11,0
DA:12,0
DA:13,0
DA:14,0
DA:15,0
DA:16,0
DA:17,0
DA:21,2
DA:26,0
DA:27,0
DA:29,0
DA:31,0
DA:35,0
DA:38,0
DA:41,0
DA:42,0
DA:44,0
DA:45,0
DA:47,0
DA:52,0
DA:55,2
LF:24
LH:4
BRDA:21,0,0,2
BRDA:21,0,1,2
BRDA:44,1,0,0
BRDA:44,1,1,0
BRF:4
BRH:2
end_of_record
TN:
SF:src/player.js
FN:5,playerFactory
FN:11,win
FN:15,lose
FN:19,setBoard
FN:23,getHumanShot
FN:24,(anonymous_5)
FN:26,(anonymous_6)
FN:27,(anonymous_7)
FN:42,getComputerShot
FN:50,getShotCoordinates
FNF:10
FNH:2
FNDA:5,playerFactory
FNDA:0,win
FNDA:0,lose
FNDA:5,setBoard
FNDA:0,getHumanShot
FNDA:0,(anonymous_5)
FNDA:0,(anonymous_6)
FNDA:0,(anonymous_7)
FNDA:0,getComputerShot
FNDA:0,getShotCoordinates
DA:6,5
DA:7,5
DA:8,5
DA:9,5
DA:12,0
DA:16,0
DA:20,5
DA:24,0
DA:25,0
DA:26,0
DA:27,0
DA:28,0
DA:29,0
DA:30,0
DA:34,0
DA:35,0
DA:43,0
DA:44,0
DA:45,0
DA:47,0
DA:52,0
DA:53,0
DA:55,0
DA:57,0
DA:60,5
LF:25
LH:6
BRDA:29,0,0,0
BRDA:29,0,1,0
BRDA:44,1,0,0
BRDA:44,1,1,0
BRDA:52,2,0,0
BRDA:52,2,1,0
BRF:6
BRH:0
end_of_record
TN:
SF:src/ship.js
FN:1,shipFactory
FN:4,hit
FN:8,isSunk
FNF:3
FNH:3
FNDA:42,shipFactory
FNDA:10,hit
FNDA:7,isSunk
DA:2,42
DA:5,10
DA:9,7
DA:10,12
DA:11,4
DA:14,3
DA:17,42
LF:7
LH:7
BRDA:10,0,0,4
BRDA:10,0,1,8
BRF:2
BRH:2
end_of_record
